<?xml version="1.0" encoding="UTF-8"?>
<!-- Generated by org.testng.reporters.JUnitXMLReporter -->
<testsuite ignored="0" hostname="LAPTOP-MD35P1KQ" failures="1" tests="20" name="CRMProject Test Cases" time="297.471" errors="0" timestamp="2020-08-06T11:03:32 GMT-04:00">
  <testcase classname="com.qa.testcases.LoginTestPage" name="titlevalidate" time="0.035"/>
  <testcase classname="com.qa.testcases.LoginTestPage" name="signuppage" time="1.429"/>
  <testcase classname="com.qa.testcases.LoginTestPage" name="completelogin" time="1.585"/>
  <testcase classname="com.qa.testcases.LoginTestPage" name="completelogin" time="21.754">
    <failure type="org.openqa.selenium.NoSuchElementException" message="no such element: Unable to locate element: {&amp;quot;method&amp;quot;:&amp;quot;xpath&amp;quot;,&amp;quot;selector&amp;quot;:&amp;quot;//span[contains(text(),&amp;apos;Error&amp;apos;)]&amp;quot;}
  (Session info: chrome=84.0.4147.105)
For documentation on this error, please visit: https://www.seleniumhq.org/exceptions/no_such_element.html
Build info: version: &amp;apos;3.141.59&amp;apos;, revision: &amp;apos;e82be7d358&amp;apos;, time: &amp;apos;2018-11-14T08:17:03&amp;apos;
System info: host: &amp;apos;LAPTOP-MD35P1KQ&amp;apos;, ip: &amp;apos;192.168.2.200&amp;apos;, os.name: &amp;apos;Windows 10&amp;apos;, os.arch: &amp;apos;amd64&amp;apos;, os.version: &amp;apos;10.0&amp;apos;, java.version: &amp;apos;11.0.2&amp;apos;
Driver info: org.openqa.selenium.chrome.ChromeDriver
Capabilities {acceptInsecureCerts: false, browserName: chrome, browserVersion: 84.0.4147.105, chrome: {chromedriverVersion: 84.0.4147.30 (48b3e868b4cc0..., userDataDir: C:\Users\VARAPR~1\AppData\L...}, goog:chromeOptions: {debuggerAddress: localhost:5855}, javascriptEnabled: true, networkConnectionEnabled: false, pageLoadStrategy: normal, platform: WINDOWS, platformName: WINDOWS, proxy: Proxy(), setWindowRect: true, strictFileInteractability: false, timeouts: {implicit: 0, pageLoad: 300000, script: 30000}, unhandledPromptBehavior: dismiss and notify, webauthn:virtualAuthenticators: true}
Session ID: e976d4b5d46e182451c30e62f9b299f8
*** Element info: {Using=xpath, value=//span[contains(text(),&amp;apos;Error&amp;apos;)]}">
      <![CDATA[org.openqa.selenium.NoSuchElementException: no such element: Unable to locate element: {"method":"xpath","selector":"//span[contains(text(),'Error')]"}
  (Session info: chrome=84.0.4147.105)
For documentation on this error, please visit: https://www.seleniumhq.org/exceptions/no_such_element.html
Build info: version: '3.141.59', revision: 'e82be7d358', time: '2018-11-14T08:17:03'
System info: host: 'LAPTOP-MD35P1KQ', ip: '192.168.2.200', os.name: 'Windows 10', os.arch: 'amd64', os.version: '10.0', java.version: '11.0.2'
Driver info: org.openqa.selenium.chrome.ChromeDriver
Capabilities {acceptInsecureCerts: false, browserName: chrome, browserVersion: 84.0.4147.105, chrome: {chromedriverVersion: 84.0.4147.30 (48b3e868b4cc0..., userDataDir: C:\Users\VARAPR~1\AppData\L...}, goog:chromeOptions: {debuggerAddress: localhost:5855}, javascriptEnabled: true, networkConnectionEnabled: false, pageLoadStrategy: normal, platform: WINDOWS, platformName: WINDOWS, proxy: Proxy(), setWindowRect: true, strictFileInteractability: false, timeouts: {implicit: 0, pageLoad: 300000, script: 30000}, unhandledPromptBehavior: dismiss and notify, webauthn:virtualAuthenticators: true}
Session ID: e976d4b5d46e182451c30e62f9b299f8
*** Element info: {Using=xpath, value=//span[contains(text(),'Error')]}
at org.openqa.selenium.remote.http.W3CHttpResponseCodec.createException(W3CHttpResponseCodec.java:187)
at org.openqa.selenium.remote.http.W3CHttpResponseCodec.decode(W3CHttpResponseCodec.java:122)
at org.openqa.selenium.remote.http.W3CHttpResponseCodec.decode(W3CHttpResponseCodec.java:49)
at org.openqa.selenium.remote.HttpCommandExecutor.execute(HttpCommandExecutor.java:158)
at org.openqa.selenium.remote.service.DriverCommandExecutor.execute(DriverCommandExecutor.java:83)
at org.openqa.selenium.remote.RemoteWebDriver.execute(RemoteWebDriver.java:552)
at org.openqa.selenium.remote.RemoteWebDriver.findElement(RemoteWebDriver.java:323)
at org.openqa.selenium.remote.RemoteWebDriver.findElementByXPath(RemoteWebDriver.java:428)
at org.openqa.selenium.By$ByXPath.findElement(By.java:353)
at org.openqa.selenium.remote.RemoteWebDriver.findElement(RemoteWebDriver.java:315)
at org.openqa.selenium.support.events.EventFiringWebDriver.lambda$new$1(EventFiringWebDriver.java:105)
at com.sun.proxy.$Proxy12.findElement(Unknown Source)
at org.openqa.selenium.support.events.EventFiringWebDriver.findElement(EventFiringWebDriver.java:194)
at org.openqa.selenium.support.pagefactory.DefaultElementLocator.findElement(DefaultElementLocator.java:69)
at org.openqa.selenium.support.pagefactory.internal.LocatingElementHandler.invoke(LocatingElementHandler.java:38)
at com.sun.proxy.$Proxy16.getText(Unknown Source)
at com.qa.pages.LoginPage.checkingloginpage(LoginPage.java:73)
at com.qa.testcases.LoginTestPage.completelogin(LoginTestPage.java:100)
at java.base/java.util.ArrayList.forEach(ArrayList.java:1540)
... Removed 35 stack frames]]>
    </failure>
  </testcase> <!-- completelogin -->
  <testcase classname="com.qa.testcases.LoginTestPage" name="completelogin" time="1.499"/>
  <testcase classname="com.qa.testcases.LoginTestPage" name="completelogin" time="1.425"/>
  <testcase classname="com.qa.testcases.HomePageTest" name="welcomeverify" time="10.298"/>
  <testcase classname="com.qa.testcases.HomePageTest" name="welcomeverify" time="9.661"/>
  <testcase classname="com.qa.testcases.HomePageTest" name="welcomeverify" time="0.747"/>
  <testcase classname="com.qa.testcases.HomePageTest" name="verifylogo" time="0.08"/>
  <testcase classname="com.qa.testcases.HomePageTest" name="versionverify" time="0.078"/>
  <testcase classname="com.qa.testcases.HomePageTest" name="dropverify" time="0.154"/>
  <testcase classname="com.qa.testcases.HomePageTest" name="verifysidetitle" time="0.1"/>
  <testcase classname="com.qa.testcases.HomePageTest" name="verifybank" time="0.245"/>
  <testcase classname="com.qa.testcases.CheckingPageTest" name="checknewlinkpage" time="1.814"/>
  <testcase classname="com.qa.testcases.CheckingPageTest" name="creatingaccount1" time="3.976"/>
  <testcase classname="com.qa.testcases.CheckingPageTest" name="creatingaccount2" time="4.167"/>
  <testcase classname="com.qa.testcases.CheckingPageTest" name="resetaccount" time="2.193"/>
  <testcase classname="com.qa.testcases.ViewCheckingPageTest" name="checkview" time="2.211"/>
  <testcase classname="com.qa.testcases.ViewCheckingPageTest" name="toogle" time="3.531"/>
</testsuite> <!-- CRMProject Test Cases -->
