<html>
<head>
<title>TestNG:  CRMProject Test Cases</title>
<link href="../testng.css" rel="stylesheet" type="text/css" />
<link href="../my-testng.css" rel="stylesheet" type="text/css" />

<style type="text/css">
.log { display: none;} 
.stack-trace { display: none;} 
</style>
<script type="text/javascript">
<!--
function flip(e) {
  current = e.style.display;
  if (current == 'block') {
    e.style.display = 'none';
    return 0;
  }
  else {
    e.style.display = 'block';
    return 1;
  }
}

function toggleBox(szDivId, elem, msg1, msg2)
{
  var res = -1;  if (document.getElementById) {
    res = flip(document.getElementById(szDivId));
  }
  else if (document.all) {
    // this is the way old msie versions work
    res = flip(document.all[szDivId]);
  }
  if(elem) {
    if(res == 0) elem.innerHTML = msg1; else elem.innerHTML = msg2;
  }

}

function toggleAllBoxes() {
  if (document.getElementsByTagName) {
    d = document.getElementsByTagName('div');
    for (i = 0; i < d.length; i++) {
      if (d[i].className == 'log') {
        flip(d[i]);
      }
    }
  }
}

// -->
</script>

</head>
<body>
<h2 align='center'>CRMProject Test Cases</h2><table border='1' align="center">
<tr>
<td>Tests passed/Failed/Skipped:</td><td>19/1/0</td>
</tr><tr>
<td>Started on:</td><td>Thu Aug 06 10:58:35 EDT 2020</td>
</tr>
<tr><td>Total time:</td><td>297 seconds (297471 ms)</td>
</tr><tr>
<td>Included groups:</td><td></td>
</tr><tr>
<td>Excluded groups:</td><td></td>
</tr>
</table><p/>
<small><i>(Hover the method name to see the test class name)</i></small><p/>
<table width='100%' border='1' class='invocation-failed'>
<tr><td colspan='4' align='center'><b>FAILED TESTS</b></td></tr>
<tr><td><b>Test method</b></td>
<td width="30%"><b>Exception</b></td>
<td width="10%"><b>Time (seconds)</b></td>
<td><b>Instance</b></td>
</tr>
<tr>
<td title='com.qa.testcases.LoginTestPage.completelogin()'><b>completelogin</b><br>Test class: com.qa.testcases.LoginTestPage<br>Parameters: premkaran6@gmail.com, Varabtech@16</td>
<td><div><pre>org.openqa.selenium.NoSuchElementException: no such element: Unable to locate element: {&quot;method&quot;:&quot;xpath&quot;,&quot;selector&quot;:&quot;//span[contains(text(),&apos;Error&apos;)]&quot;}
  (Session info: chrome=84.0.4147.105)
For documentation on this error, please visit: https://www.seleniumhq.org/exceptions/no_such_element.html
Build info: version: &apos;3.141.59&apos;, revision: &apos;e82be7d358&apos;, time: &apos;2018-11-14T08:17:03&apos;
System info: host: &apos;LAPTOP-MD35P1KQ&apos;, ip: &apos;192.168.2.200&apos;, os.name: &apos;Windows 10&apos;, os.arch: &apos;amd64&apos;, os.version: &apos;10.0&apos;, java.version: &apos;11.0.2&apos;
Driver info: org.openqa.selenium.chrome.ChromeDriver
Capabilities {acceptInsecureCerts: false, browserName: chrome, browserVersion: 84.0.4147.105, chrome: {chromedriverVersion: 84.0.4147.30 (48b3e868b4cc0..., userDataDir: C:\Users\VARAPR~1\AppData\L...}, goog:chromeOptions: {debuggerAddress: localhost:5855}, javascriptEnabled: true, networkConnectionEnabled: false, pageLoadStrategy: normal, platform: WINDOWS, platformName: WINDOWS, proxy: Proxy(), setWindowRect: true, strictFileInteractability: false, timeouts: {implicit: 0, pageLoad: 300000, script: 30000}, unhandledPromptBehavior: dismiss and notify, webauthn:virtualAuthenticators: true}
Session ID: e976d4b5d46e182451c30e62f9b299f8
*** Element info: {Using=xpath, value=//span[contains(text(),&apos;Error&apos;)]}
	at org.openqa.selenium.remote.http.W3CHttpResponseCodec.createException(W3CHttpResponseCodec.java:187)
	at org.openqa.selenium.remote.http.W3CHttpResponseCodec.decode(W3CHttpResponseCodec.java:122)
	at org.openqa.selenium.remote.http.W3CHttpResponseCodec.decode(W3CHttpResponseCodec.java:49)
	at org.openqa.selenium.remote.HttpCommandExecutor.execute(HttpCommandExecutor.java:158)
	at org.openqa.selenium.remote.service.DriverCommandExecutor.execute(DriverCommandExecutor.java:83)
	at org.openqa.selenium.remote.RemoteWebDriver.execute(RemoteWebDriver.java:552)
	at org.openqa.selenium.remote.RemoteWebDriver.findElement(RemoteWebDriver.java:323)
	at org.openqa.selenium.remote.RemoteWebDriver.findElementByXPath(RemoteWebDriver.java:428)
	at org.openqa.selenium.By$ByXPath.findElement(By.java:353)
	at org.openqa.selenium.remote.RemoteWebDriver.findElement(RemoteWebDriver.java:315)
	at org.openqa.selenium.support.events.EventFiringWebDriver.lambda$new$1(EventFiringWebDriver.java:105)
	at com.sun.proxy.$Proxy12.findElement(Unknown Source)
	at org.openqa.selenium.support.events.EventFiringWebDriver.findElement(EventFiringWebDriver.java:194)
	at org.openqa.selenium.support.pagefactory.DefaultElementLocator.findElement(DefaultElementLocator.java:69)
	at org.openqa.selenium.support.pagefactory.internal.LocatingElementHandler.invoke(LocatingElementHandler.java:38)
	at com.sun.proxy.$Proxy16.getText(Unknown Source)
	at com.qa.pages.LoginPage.checkingloginpage(LoginPage.java:73)
	at com.qa.testcases.LoginTestPage.completelogin(LoginTestPage.java:100)
	at java.base/java.util.ArrayList.forEach(ArrayList.java:1540)
... Removed 35 stack frames</pre></div><a href='#' onClick='toggleBox("stack-trace1252069894", this, "Click to show all stack frames", "Click to hide stack frames")'>Click to show all stack frames</a>
<div class='stack-trace' id='stack-trace1252069894'><pre>org.openqa.selenium.NoSuchElementException: no such element: Unable to locate element: {&quot;method&quot;:&quot;xpath&quot;,&quot;selector&quot;:&quot;//span[contains(text(),&apos;Error&apos;)]&quot;}
  (Session info: chrome=84.0.4147.105)
For documentation on this error, please visit: https://www.seleniumhq.org/exceptions/no_such_element.html
Build info: version: &apos;3.141.59&apos;, revision: &apos;e82be7d358&apos;, time: &apos;2018-11-14T08:17:03&apos;
System info: host: &apos;LAPTOP-MD35P1KQ&apos;, ip: &apos;192.168.2.200&apos;, os.name: &apos;Windows 10&apos;, os.arch: &apos;amd64&apos;, os.version: &apos;10.0&apos;, java.version: &apos;11.0.2&apos;
Driver info: org.openqa.selenium.chrome.ChromeDriver
Capabilities {acceptInsecureCerts: false, browserName: chrome, browserVersion: 84.0.4147.105, chrome: {chromedriverVersion: 84.0.4147.30 (48b3e868b4cc0..., userDataDir: C:\Users\VARAPR~1\AppData\L...}, goog:chromeOptions: {debuggerAddress: localhost:5855}, javascriptEnabled: true, networkConnectionEnabled: false, pageLoadStrategy: normal, platform: WINDOWS, platformName: WINDOWS, proxy: Proxy(), setWindowRect: true, strictFileInteractability: false, timeouts: {implicit: 0, pageLoad: 300000, script: 30000}, unhandledPromptBehavior: dismiss and notify, webauthn:virtualAuthenticators: true}
Session ID: e976d4b5d46e182451c30e62f9b299f8
*** Element info: {Using=xpath, value=//span[contains(text(),&apos;Error&apos;)]}
	at java.base/jdk.internal.reflect.NativeConstructorAccessorImpl.newInstance0(Native Method)
	at java.base/jdk.internal.reflect.NativeConstructorAccessorImpl.newInstance(NativeConstructorAccessorImpl.java:62)
	at java.base/jdk.internal.reflect.DelegatingConstructorAccessorImpl.newInstance(DelegatingConstructorAccessorImpl.java:45)
	at java.base/java.lang.reflect.Constructor.newInstance(Constructor.java:490)
	at org.openqa.selenium.remote.http.W3CHttpResponseCodec.createException(W3CHttpResponseCodec.java:187)
	at org.openqa.selenium.remote.http.W3CHttpResponseCodec.decode(W3CHttpResponseCodec.java:122)
	at org.openqa.selenium.remote.http.W3CHttpResponseCodec.decode(W3CHttpResponseCodec.java:49)
	at org.openqa.selenium.remote.HttpCommandExecutor.execute(HttpCommandExecutor.java:158)
	at org.openqa.selenium.remote.service.DriverCommandExecutor.execute(DriverCommandExecutor.java:83)
	at org.openqa.selenium.remote.RemoteWebDriver.execute(RemoteWebDriver.java:552)
	at org.openqa.selenium.remote.RemoteWebDriver.findElement(RemoteWebDriver.java:323)
	at org.openqa.selenium.remote.RemoteWebDriver.findElementByXPath(RemoteWebDriver.java:428)
	at org.openqa.selenium.By$ByXPath.findElement(By.java:353)
	at org.openqa.selenium.remote.RemoteWebDriver.findElement(RemoteWebDriver.java:315)
	at java.base/jdk.internal.reflect.NativeMethodAccessorImpl.invoke0(Native Method)
	at java.base/jdk.internal.reflect.NativeMethodAccessorImpl.invoke(NativeMethodAccessorImpl.java:62)
	at java.base/jdk.internal.reflect.DelegatingMethodAccessorImpl.invoke(DelegatingMethodAccessorImpl.java:43)
	at java.base/java.lang.reflect.Method.invoke(Method.java:566)
	at org.openqa.selenium.support.events.EventFiringWebDriver.lambda$new$1(EventFiringWebDriver.java:105)
	at com.sun.proxy.$Proxy12.findElement(Unknown Source)
	at org.openqa.selenium.support.events.EventFiringWebDriver.findElement(EventFiringWebDriver.java:194)
	at org.openqa.selenium.support.pagefactory.DefaultElementLocator.findElement(DefaultElementLocator.java:69)
	at org.openqa.selenium.support.pagefactory.internal.LocatingElementHandler.invoke(LocatingElementHandler.java:38)
	at com.sun.proxy.$Proxy16.getText(Unknown Source)
	at com.qa.pages.LoginPage.checkingloginpage(LoginPage.java:73)
	at com.qa.testcases.LoginTestPage.completelogin(LoginTestPage.java:100)
	at java.base/jdk.internal.reflect.NativeMethodAccessorImpl.invoke0(Native Method)
	at java.base/jdk.internal.reflect.NativeMethodAccessorImpl.invoke(NativeMethodAccessorImpl.java:62)
	at java.base/jdk.internal.reflect.DelegatingMethodAccessorImpl.invoke(DelegatingMethodAccessorImpl.java:43)
	at java.base/java.lang.reflect.Method.invoke(Method.java:566)
	at org.testng.internal.MethodInvocationHelper.invokeMethod(MethodInvocationHelper.java:134)
	at org.testng.internal.TestInvoker.invokeMethod(TestInvoker.java:597)
	at org.testng.internal.TestInvoker.invokeTestMethod(TestInvoker.java:173)
	at org.testng.internal.MethodRunner.runInSequence(MethodRunner.java:46)
	at org.testng.internal.TestInvoker$MethodInvocationAgent.invoke(TestInvoker.java:816)
	at org.testng.internal.TestInvoker.invokeTestMethods(TestInvoker.java:146)
	at org.testng.internal.TestMethodWorker.invokeTestMethods(TestMethodWorker.java:146)
	at org.testng.internal.TestMethodWorker.run(TestMethodWorker.java:128)
	at java.base/java.util.ArrayList.forEach(ArrayList.java:1540)
	at org.testng.TestRunner.privateRun(TestRunner.java:766)
	at org.testng.TestRunner.run(TestRunner.java:587)
	at org.testng.SuiteRunner.runTest(SuiteRunner.java:384)
	at org.testng.SuiteRunner.runSequentially(SuiteRunner.java:378)
	at org.testng.SuiteRunner.privateRun(SuiteRunner.java:337)
	at org.testng.SuiteRunner.run(SuiteRunner.java:286)
	at org.testng.SuiteRunnerWorker.runSuite(SuiteRunnerWorker.java:53)
	at org.testng.SuiteRunnerWorker.run(SuiteRunnerWorker.java:96)
	at org.testng.TestNG.runSuitesSequentially(TestNG.java:1187)
	at org.testng.TestNG.runSuitesLocally(TestNG.java:1109)
	at org.testng.TestNG.runSuites(TestNG.java:1039)
	at org.testng.TestNG.run(TestNG.java:1007)
	at org.testng.remote.AbstractRemoteTestNG.run(AbstractRemoteTestNG.java:115)
	at org.testng.remote.RemoteTestNG.initAndRun(RemoteTestNG.java:251)
	at org.testng.remote.RemoteTestNG.main(RemoteTestNG.java:77)
</pre></div></td>
<td>21</td>
<td>com.qa.testcases.LoginTestPage@4f6f416f</td></tr>
</table><p>
<table width='100%' border='1' class='invocation-passed'>
<tr><td colspan='4' align='center'><b>PASSED TESTS</b></td></tr>
<tr><td><b>Test method</b></td>
<td width="30%"><b>Exception</b></td>
<td width="10%"><b>Time (seconds)</b></td>
<td><b>Instance</b></td>
</tr>
<tr>
<td title='com.qa.testcases.CheckingPageTest.checknewlinkpage()'><b>checknewlinkpage</b><br>Test class: com.qa.testcases.CheckingPageTest</td>
<td></td>
<td>1</td>
<td>com.qa.testcases.CheckingPageTest@71e693fa</td></tr>
<tr>
<td title='com.qa.testcases.ViewCheckingPageTest.checkview()'><b>checkview</b><br>Test class: com.qa.testcases.ViewCheckingPageTest</td>
<td></td>
<td>2</td>
<td>com.qa.testcases.ViewCheckingPageTest@48793bef</td></tr>
<tr>
<td title='com.qa.testcases.LoginTestPage.completelogin()'><b>completelogin</b><br>Test class: com.qa.testcases.LoginTestPage<br>Parameters: 1.234456677E9, 1dsbjbjsmj</td>
<td></td>
<td>1</td>
<td>com.qa.testcases.LoginTestPage@4f6f416f</td></tr>
<tr>
<td title='com.qa.testcases.LoginTestPage.completelogin()'><b>completelogin</b><br>Test class: com.qa.testcases.LoginTestPage<br>Parameters: , </td>
<td></td>
<td>1</td>
<td>com.qa.testcases.LoginTestPage@4f6f416f</td></tr>
<tr>
<td title='com.qa.testcases.LoginTestPage.completelogin()'><b>completelogin</b><br>Test class: com.qa.testcases.LoginTestPage<br>Parameters: , </td>
<td></td>
<td>1</td>
<td>com.qa.testcases.LoginTestPage@4f6f416f</td></tr>
<tr>
<td title='com.qa.testcases.CheckingPageTest.creatingaccount1()'><b>creatingaccount1</b><br>Test class: com.qa.testcases.CheckingPageTest</td>
<td></td>
<td>3</td>
<td>com.qa.testcases.CheckingPageTest@71e693fa</td></tr>
<tr>
<td title='com.qa.testcases.CheckingPageTest.creatingaccount2()'><b>creatingaccount2</b><br>Test class: com.qa.testcases.CheckingPageTest</td>
<td></td>
<td>4</td>
<td>com.qa.testcases.CheckingPageTest@71e693fa</td></tr>
<tr>
<td title='com.qa.testcases.HomePageTest.dropverify()'><b>dropverify</b><br>Test class: com.qa.testcases.HomePageTest</td>
<td></td>
<td>0</td>
<td>com.qa.testcases.HomePageTest@3b8f0a79</td></tr>
<tr>
<td title='com.qa.testcases.CheckingPageTest.resetaccount()'><b>resetaccount</b><br>Test class: com.qa.testcases.CheckingPageTest</td>
<td></td>
<td>2</td>
<td>com.qa.testcases.CheckingPageTest@71e693fa</td></tr>
<tr>
<td title='com.qa.testcases.LoginTestPage.signuppage()'><b>signuppage</b><br>Test class: com.qa.testcases.LoginTestPage</td>
<td></td>
<td>1</td>
<td>com.qa.testcases.LoginTestPage@4f6f416f</td></tr>
<tr>
<td title='com.qa.testcases.LoginTestPage.titlevalidate()'><b>titlevalidate</b><br>Test class: com.qa.testcases.LoginTestPage</td>
<td></td>
<td>0</td>
<td>com.qa.testcases.LoginTestPage@4f6f416f</td></tr>
<tr>
<td title='com.qa.testcases.ViewCheckingPageTest.toogle()'><b>toogle</b><br>Test class: com.qa.testcases.ViewCheckingPageTest</td>
<td></td>
<td>3</td>
<td>com.qa.testcases.ViewCheckingPageTest@48793bef</td></tr>
<tr>
<td title='com.qa.testcases.HomePageTest.verifybank()'><b>verifybank</b><br>Test class: com.qa.testcases.HomePageTest</td>
<td></td>
<td>0</td>
<td>com.qa.testcases.HomePageTest@3b8f0a79</td></tr>
<tr>
<td title='com.qa.testcases.HomePageTest.verifylogo()'><b>verifylogo</b><br>Test class: com.qa.testcases.HomePageTest</td>
<td></td>
<td>0</td>
<td>com.qa.testcases.HomePageTest@3b8f0a79</td></tr>
<tr>
<td title='com.qa.testcases.HomePageTest.verifysidetitle()'><b>verifysidetitle</b><br>Test class: com.qa.testcases.HomePageTest</td>
<td></td>
<td>0</td>
<td>com.qa.testcases.HomePageTest@3b8f0a79</td></tr>
<tr>
<td title='com.qa.testcases.HomePageTest.versionverify()'><b>versionverify</b><br>Test class: com.qa.testcases.HomePageTest</td>
<td></td>
<td>0</td>
<td>com.qa.testcases.HomePageTest@3b8f0a79</td></tr>
<tr>
<td title='com.qa.testcases.HomePageTest.welcomeverify()'><b>welcomeverify</b><br>Test class: com.qa.testcases.HomePageTest<br>Parameters: premkaran6@gmail.com, Varabtech@16, Welcome Prem</td>
<td></td>
<td>10</td>
<td>com.qa.testcases.HomePageTest@3b8f0a79</td></tr>
<tr>
<td title='com.qa.testcases.HomePageTest.welcomeverify()'><b>welcomeverify</b><br>Test class: com.qa.testcases.HomePageTest<br>Parameters: VaraRuby4@gmail.com, Varabtech@18, Welcome Vararuby1</td>
<td></td>
<td>9</td>
<td>com.qa.testcases.HomePageTest@3b8f0a79</td></tr>
<tr>
<td title='com.qa.testcases.HomePageTest.welcomeverify()'><b>welcomeverify</b><br>Test class: com.qa.testcases.HomePageTest<br>Parameters: , , </td>
<td></td>
<td>0</td>
<td>com.qa.testcases.HomePageTest@3b8f0a79</td></tr>
</table><p>
</body>
</html>